<?xml version="1.0" encoding="UTF-8"?>
<!-- Generated by org.testng.reporters.JUnitXMLReporter -->
<testsuite ignored="0" hostname="hafsas-Mac-mini.local" failures="0" tests="2" name="Surefire test" time="35.935" errors="0" timestamp="2023-01-26T13:03:05 PKT">
  <testcase classname="example.TestCase3" name="testcase4 on testcase4(example.TestCase3)" time="3.835"/>
  <testcase classname="example.TestMain" name="firstTest on firstTest(example.TestMain)" time="32.045"/>
</testsuite> <!-- Surefire test -->
