<?xml version="1.0" encoding="UTF-8"?>
<!-- Generated by org.testng.reporters.JUnitXMLReporter -->
<testsuite ignored="0" hostname="hafsas-Mac-mini.local" failures="0" tests="3" name="Surefire test" time="106.217" errors="0" timestamp="2022-11-29T09:55:27 PKT">
  <testcase classname="example.TestCase2" name="secondTest on secondTest(example.TestCase2)" time="37.621"/>
  <testcase classname="example.Test_find_clinics" name="testcase3 on testcase3(example.Test_find_clinics)" time="39.115"/>
  <testcase classname="example.TestMain" name="firstTest on firstTest(example.TestMain)" time="29.396"/>
</testsuite> <!-- Surefire test -->
